<?xml version="1.0" encoding="utf-8"?><testsuites name="pytest tests"><testsuite name="pytest" errors="0" failures="0" skipped="0" tests="26" time="6.623" timestamp="2026-08-15T02:46:02.917136+00:00" hostname="agent-env-4d9fb681-ed40-442b-b1e5-ef9c14370765"><testcase classname="tests.backend_test.TestLogin" name="test_login_empty_returns_422" time="0.462" /><testcase classname="tests.backend_test.TestLogin" name="test_login_success" time="0.744" /><testcase classname="tests.backend_test.TestProfilePhone" name="test_phone_letters_rejected" time="0.934" /><testcase classname="tests.backend_test.TestProfilePhone" name="test_phone_too_short_rejected" time="0.094" /><testcase classname="tests.backend_test.TestProfilePhone" name="test_phone_valid_plus" time="0.111" /><testcase classname="tests.backend_test.TestProfilePhone" name="test_phone_valid_local" time="0.112" /><testcase classname="tests.backend_test.TestProfilePhone" name="test_username_uppercase_rejected" time="0.092" /><testcase classname="tests.backend_test.TestProfilePhone" name="test_email_invalid_rejected" time="0.099" /><testcase classname="tests.backend_test.TestProfilePhone" name="test_name_empty_rejected" time="0.098" /><testcase classname="tests.backend_test.TestProfilePassword" name="test_confirm_mismatch" time="0.562" /><testcase classname="tests.backend_test.TestProfilePassword" name="test_short_new_password" time="0.539" /><testcase classname="tests.backend_test.TestProfilePassword" name="test_wrong_current_password" time="0.526" /><testcase classname="tests.backend_test.TestStorageSettings" name="test_invalid_path_rejected" time="0.087" /><testcase classname="tests.backend_test.TestStorageSettings" name="test_endpoint_without_http_rejected_when_s3" time="0.093" /><testcase classname="tests.backend_test.TestStorageSettings" name="test_valid_path_saved" time="0.099" /><testcase classname="tests.backend_test.TestAppearance" name="test_identity_empty_app_name_rejected" time="0.097" /><testcase classname="tests.backend_test.TestAppearance" name="test_identity_valid" time="0.119" /><testcase classname="tests.backend_test.TestAppearance" name="test_seo_canonical_url_without_http_rejected" time="0.111" /><testcase classname="tests.backend_test.TestAppearance" name="test_contact_invalid_email_rejected" time="0.097" /><testcase classname="tests.backend_test.TestUsers" name="test_create_user_uppercase_username_rejected" time="0.103" /><testcase classname="tests.backend_test.TestUsers" name="test_create_user_phone_letters_rejected" time="0.096" /><testcase classname="tests.backend_test.TestUsers" name="test_create_user_valid_then_delete" time="0.688" /><testcase classname="tests.backend_test.TestRegression" name="test_roles_page_loads" time="0.138" /><testcase classname="tests.backend_test.TestRegression" name="test_activity_page_loads" time="0.113" /><testcase classname="tests.backend_test.TestRegression" name="test_profile_page_loads" time="0.096" /><testcase classname="tests.backend_test.TestRegression" name="test_users_page_no_kantor" time="0.111" /></testsuite></testsuites>