<?xml version="1.0" encoding="utf-8"?><testsuites name="pytest tests"><testsuite name="pytest" errors="0" failures="0" skipped="0" tests="70" time="23.268" timestamp="2026-08-15T04:47:03.616109+00:00" hostname="agent-env-4d9fb681-ed40-442b-b1e5-ef9c14370765"><testcase classname="tests.backend_test.TestProfilePhone" name="test_phone_letters_rejected" time="1.770" /><testcase classname="tests.backend_test.TestIteration11ActivitySort" name="test_sort_key_asc[created_at]" time="1.859" /><testcase classname="tests.backend_test.TestProfilePhone" name="test_phone_too_short_rejected" time="0.145" /><testcase classname="tests.backend_test.TestIteration11ActivitySort" name="test_sort_key_asc[actor_name]" time="0.150" /><testcase classname="tests.backend_test.TestProfilePhone" name="test_phone_valid_plus" time="0.166" /><testcase classname="tests.backend_test.TestIteration11ActivitySort" name="test_sort_key_asc[action]" time="0.149" /><testcase classname="tests.backend_test.TestProfilePhone" name="test_phone_valid_local" time="0.160" /><testcase classname="tests.backend_test.TestIteration11ActivitySort" name="test_sort_key_asc[module]" time="0.172" /><testcase classname="tests.backend_test.TestProfilePhone" name="test_username_uppercase_rejected" time="0.148" /><testcase classname="tests.backend_test.TestIteration11ActivitySort" name="test_sort_key_asc[level]" time="0.157" /><testcase classname="tests.backend_test.TestProfilePhone" name="test_email_invalid_rejected" time="0.161" /><testcase classname="tests.backend_test.TestIteration11ActivitySort" name="test_sort_dir_desc" time="0.190" /><testcase classname="tests.backend_test.TestProfilePhone" name="test_name_empty_rejected" time="0.231" /><testcase classname="tests.backend_test.TestIteration11ActivitySort" name="test_activity_detail_fields_present" time="0.213" /><testcase classname="tests.backend_test.TestIteration13AuditDetail" name="test_audit_detail_route_renders_dedicated_page" time="0.354" /><testcase classname="tests.backend_test.TestIteration11ActivitySort" name="test_purge_past_range_no_500" time="0.172" /><testcase classname="tests.backend_test.TestIteration10UsersRelaxed" name="test_create_user_only_required_fields" time="1.042" /><testcase classname="tests.backend_test.TestIteration13AuditDetail" name="test_audit_detail_404_for_unknown_id" time="0.126" /><testcase classname="tests.backend_test.TestIteration13AuditDetail" name="test_audit_trail_index_no_activity_detail_props" time="0.627" /><testcase classname="tests.backend_test.TestIteration13AuditDetail" name="test_audit_detail_page_after_403_contains_context" time="2.690" /><testcase classname="tests.backend_test.TestIteration10UsersRelaxed" name="test_duplicate_phone_rejected" time="2.255" /><testcase classname="tests.backend_test.TestIteration10UsersRelaxed" name="test_create_user_missing_name_rejected" time="0.137" /><testcase classname="tests.backend_test.TestIteration10UsersRelaxed" name="test_create_user_missing_role_rejected" time="0.147" /><testcase classname="tests.backend_test.TestIteration13AuditDetail" name="test_audit_trail_vue_has_no_activity_detail_dialog" time="0.001" /><testcase classname="tests.backend_test.TestIteration13AuditDetail" name="test_audit_detail_vue_has_required_testids" time="0.001" /><testcase classname="tests.backend_test.TestRegression" name="test_roles_page_loads" time="0.141" /><testcase classname="tests.backend_test.TestIteration10UsersRelaxed" name="test_create_user_short_password_rejected" time="0.152" /><testcase classname="tests.backend_test.TestRegression" name="test_activity_page_loads" time="0.260" /><testcase classname="tests.backend_test.TestAppearance" name="test_identity_empty_app_name_rejected" time="0.103" /><testcase classname="tests.backend_test.TestAppearance" name="test_identity_valid" time="0.154" /><testcase classname="tests.backend_test.TestRegression" name="test_profile_page_loads" time="0.142" /><testcase classname="tests.backend_test.TestAppearance" name="test_seo_canonical_url_without_http_rejected" time="0.140" /><testcase classname="tests.backend_test.TestRegression" name="test_users_page_no_kantor" time="0.151" /><testcase classname="tests.backend_test.TestAppearance" name="test_contact_invalid_email_rejected" time="0.152" /><testcase classname="tests.backend_test.TestIteration12EmptyPersists" name="test_identity_empty_initials_persists" time="1.036" /><testcase classname="tests.backend_test.TestIteration12AuditTrailFeatures" name="test_user_update_creates_diff_changes" time="1.389" /><testcase classname="tests.backend_test.TestIteration12EmptyPersists" name="test_seo_empty_meta_title_and_keywords_persist" time="0.637" /><testcase classname="tests.backend_test.TestIteration12AuditTrailFeatures" name="test_user_password_change_is_masked" time="0.900" /><testcase classname="tests.backend_test.TestIteration12EmptyPersists" name="test_contact_empty_footer_persists" time="1.046" /><testcase classname="tests.backend_test.TestIteration12AuditTrailFeatures" name="test_failed_login_recorded" time="1.921" /><testcase classname="tests.backend_test.TestIteration12EmptyPersists" name="test_storage_empty_path_and_public_url_persist" time="1.422" /><testcase classname="tests.backend_test.TestIteration14AuditNoiseAndSystemFailure" name="test_422_does_not_create_audit_row" time="2.240" /><testcase classname="tests.backend_test.TestIteration12AuditTrailFeatures" name="test_forbidden_403_recorded" time="3.048" /><testcase classname="tests.backend_test.TestIteration14AuditNoiseAndSystemFailure" name="test_404_does_not_create_audit_row" time="1.884" /><testcase classname="tests.backend_test.TestProfilePassword" name="test_confirm_mismatch" time="0.962" /><testcase classname="tests.backend_test.TestIteration14AuditNoiseAndSystemFailure" name="test_500_reproducer_via_tinker" time="1.212" /><testcase classname="tests.backend_test.TestProfilePassword" name="test_short_new_password" time="0.982" /><testcase classname="tests.backend_test.TestProfilePassword" name="test_wrong_current_password" time="0.981" /><testcase classname="tests.backend_test.TestIteration14AuditNoiseAndSystemFailure" name="test_403_reproducer_via_tinker" time="0.988" /><testcase classname="tests.backend_test.TestUsers" name="test_create_user_uppercase_username_rejected" time="0.149" /><testcase classname="tests.backend_test.TestUsers" name="test_create_user_phone_letters_rejected" time="0.161" /><testcase classname="tests.backend_test.TestStorageSettings" name="test_invalid_path_rejected" time="0.166" /><testcase classname="tests.backend_test.TestUsers" name="test_create_user_valid_then_delete" time="1.054" /><testcase classname="tests.backend_test.TestStorageSettings" name="test_endpoint_without_http_rejected_when_s3" time="0.159" /><testcase classname="tests.backend_test.TestStorageSettings" name="test_valid_path_saved" time="0.595" /><testcase classname="tests.backend_test.TestIteration11RoleImport" name="test_import_no_file_422" time="0.139" /><testcase classname="tests.backend_test.TestIteration11RoleImport" name="test_import_non_csv_422" time="0.147" /><testcase classname="tests.backend_test.TestIteration10Routes" name="test_roles_matrix_route_removed" time="0.089" /><testcase classname="tests.backend_test.TestIteration11RoleImport" name="test_import_csv_adds_and_skips" time="0.684" /><testcase classname="tests.backend_test.TestIteration10Routes" name="test_appearance_og_route_removed" time="0.099" /><testcase classname="tests.backend_test.TestIteration10Routes" name="test_role_show_page_loads" time="0.329" /><testcase classname="tests.backend_test.TestLogin" name="test_login_empty_returns_422" time="0.427" /><testcase classname="tests.backend_test.TestIteration11UsersRoleFilter" name="test_role_options_present" time="0.144" /><testcase classname="tests.backend_test.TestIteration11UsersRoleFilter" name="test_filter_by_role_super_admin" time="0.155" /><testcase classname="tests.backend_test.TestLogin" name="test_login_success" time="0.855" /><testcase classname="tests.backend_test.TestIteration11UsersRoleFilter" name="test_filter_by_role_staf" time="0.113" /><testcase classname="tests.backend_test.TestIteration10UsersSort" name="test_sort_by_role" time="0.143" /><testcase classname="tests.backend_test.TestIteration10UsersSort" name="test_sort_by_is_active" time="0.577" /><testcase classname="tests.backend_test.TestIteration10RoleValidation" name="test_role_empty_name_rejected" time="0.161" /><testcase classname="tests.backend_test.TestIteration10RoleValidation" name="test_role_create_and_delete" time="0.369" /></testsuite></testsuites>