<?xml version="1.0" encoding="utf-8"?><testsuites name="pytest tests"><testsuite name="pytest" errors="0" failures="0" skipped="0" tests="26" time="41.876" timestamp="2026-08-19T09:28:26.811459+00:00" hostname="agent-env-4d9fb681-ed40-442b-b1e5-ef9c14370765"><testcase classname="tests.backend_test.TestUserLifecycle" name="test_create_uppercases_codes" time="5.519" /><testcase classname="tests.backend_test.TestRegressionPages" name="test_page_loads[/permissions]" time="5.109" /><testcase classname="tests.backend_test.TestRegressionPages" name="test_page_loads[/roles]" time="0.646" /><testcase classname="tests.backend_test.TestUserLifecycle" name="test_update_persists_and_keeps_password" time="6.666" /><testcase classname="tests.backend_test.TestRegressionPages" name="test_page_loads[/menus]" time="3.850" /><testcase classname="tests.backend_test.TestRegressionPages" name="test_page_loads[/audit-trail]" time="0.320" /><testcase classname="tests.backend_test.TestRegressionPages" name="test_page_loads[/appearance]" time="0.312" /><testcase classname="tests.backend_test.TestRegressionPages" name="test_page_loads[/object-storage]" time="1.271" /><testcase classname="tests.backend_test.TestStoreValidation" name="test_short_alias_rejected" time="0.769" /><testcase classname="tests.backend_test.TestUserLifecycle" name="test_archive_blocks_login_then_restore" time="8.016" /><testcase classname="tests.backend_test.TestStoreValidation" name="test_non_alnum_code_rejected" time="2.404" /><testcase classname="tests.backend_test.TestStoreValidation" name="test_short_password_rejected" time="0.664" /><testcase classname="tests.backend_test.TestStoreValidation" name="test_duplicate_codes_rejected" time="3.447" /><testcase classname="tests.backend_test.TestUsersIndex" name="test_index_returns_new_columns" time="0.254" /><testcase classname="tests.backend_test.TestUsersIndex" name="test_create_page_renders" time="0.307" /><testcase classname="tests.backend_test.TestUsersIndex" name="test_status_filter_values" time="3.107" /><testcase classname="tests.backend_test.TestUserLifecycle" name="test_force_delete_requires_archive_then_removes" time="4.218" /><testcase classname="tests.backend_test.TestExportImport" name="test_export_xlsx" time="2.404" /><testcase classname="tests.backend_test.TestUserLifecycle" name="test_cannot_archive_self" time="1.187" /><testcase classname="tests.backend_test.TestExportImport" name="test_import_template" time="0.448" /><testcase classname="tests.backend_test.TestExportImport" name="test_import_rejects_non_xlsx" time="3.845" /><testcase classname="tests.backend_test.TestBulkActions" name="test_bulk_archive_restore_force_delete_skips_self" time="10.334" /><testcase classname="tests.backend_test.TestProfile" name="test_profile_exposes_readonly_fields" time="0.294" /><testcase classname="tests.backend_test.TestProfile" name="test_profile_update_basic_fields" time="4.070" /><testcase classname="tests.backend_test.TestBulkActions" name="test_bulk_invalid_action_rejected" time="0.499" /><testcase classname="tests.backend_test.TestAuthAndDashboard" name="test_login_and_dashboard_kpi_hint" time="2.622" /></testsuite></testsuites>